\BOOKMARK [1][-]{section.1}{Einleitung \(Daniel Pupat\)}{}% 1
\BOOKMARK [2][-]{subsection.1.1}{Projekt\374bersicht}{section.1}% 2
\BOOKMARK [3][-]{subsubsection.1.1.1}{Ziele}{subsection.1.1}% 3
\BOOKMARK [3][-]{subsubsection.1.1.2}{Hauptarbeitsaktivit\344ten und \205produkte}{subsection.1.1}% 4
\BOOKMARK [3][-]{subsubsection.1.1.3}{Haupt-Meilensteine und grober Zeitplan}{subsection.1.1}% 5
\BOOKMARK [3][-]{subsubsection.1.1.4}{Ben\366tigte Ressourcen}{subsection.1.1}% 6
\BOOKMARK [3][-]{subsubsection.1.1.5}{Budget}{subsection.1.1}% 7
\BOOKMARK [3][-]{subsubsection.1.1.6}{Kontaktdaten des Kunden}{subsection.1.1}% 8
\BOOKMARK [3][-]{subsubsection.1.1.7}{Mitarbeiter}{subsection.1.1}% 9
\BOOKMARK [2][-]{subsection.1.2}{Auszuliefernde Produkte}{section.1}% 10
\BOOKMARK [2][-]{subsection.1.3}{Evolution des Plans}{section.1}% 11
\BOOKMARK [2][-]{subsection.1.4}{Referenzen \(Olga Miloevich\)}{section.1}% 12
\BOOKMARK [3][-]{subsubsection.1.4.1}{Links}{subsection.1.4}% 13
\BOOKMARK [3][-]{subsubsection.1.4.2}{Weitere}{subsection.1.4}% 14
\BOOKMARK [2][-]{subsection.1.5}{Definitionen und Akronyme}{section.1}% 15
\BOOKMARK [1][-]{section.2}{Projektorganisation \(Daniel Pupat\)}{}% 16
\BOOKMARK [2][-]{subsection.2.1}{Prozessmodell}{section.2}% 17
\BOOKMARK [2][-]{subsection.2.2}{Organisationsstruktur}{section.2}% 18
\BOOKMARK [2][-]{subsection.2.3}{Organisationsgrenzen und \205schnittstellen}{section.2}% 19
\BOOKMARK [2][-]{subsection.2.4}{Verantwortlichkeiten}{section.2}% 20
\BOOKMARK [1][-]{section.3}{Managementprozess \(Olga Miloevich\)}{}% 21
\BOOKMARK [2][-]{subsection.3.1}{Managementprozess und \205priorit\344ten}{section.3}% 22
\BOOKMARK [2][-]{subsection.3.2}{Annahmen, Abh\344ngigkeiten und Einschr\344nkungen}{section.3}% 23
\BOOKMARK [3][-]{subsubsection.3.2.1}{Annahmen}{subsection.3.2}% 24
\BOOKMARK [3][-]{subsubsection.3.2.2}{Abh\344ngigkeiten}{subsection.3.2}% 25
\BOOKMARK [3][-]{subsubsection.3.2.3}{Einschr\344nkungen}{subsection.3.2}% 26
\BOOKMARK [2][-]{subsection.3.3}{Risikomanagement}{section.3}% 27
\BOOKMARK [2][-]{subsection.3.4}{Projekt\374berwachung}{section.3}% 28
\BOOKMARK [2][-]{subsection.3.5}{Mitarbeiter}{section.3}% 29
\BOOKMARK [3][-]{subsubsection.3.5.1}{Tim Wiechers}{subsection.3.5}% 30
\BOOKMARK [3][-]{subsubsection.3.5.2}{Tim Ellhoff}{subsection.3.5}% 31
\BOOKMARK [3][-]{subsubsection.3.5.3}{Tobias Dellert}{subsection.3.5}% 32
\BOOKMARK [3][-]{subsubsection.3.5.4}{Olga Miloevich}{subsection.3.5}% 33
\BOOKMARK [3][-]{subsubsection.3.5.5}{Daniel Pupat}{subsection.3.5}% 34
\BOOKMARK [3][-]{subsubsection.3.5.6}{Patrick Hollatz}{subsection.3.5}% 35
\BOOKMARK [1][-]{section.4}{Technische Prozesse \(Patrick Hollatz\)}{}% 36
\BOOKMARK [2][-]{subsection.4.1}{Methoden, Werkzeuge und Techniken}{section.4}% 37
\BOOKMARK [3][-]{subsubsection.4.1.1}{Entwicklungsplattform}{subsection.4.1}% 38
\BOOKMARK [3][-]{subsubsection.4.1.2}{Entwicklungsmethode}{subsection.4.1}% 39
\BOOKMARK [3][-]{subsubsection.4.1.3}{Programmiersprache und Bibliotheken}{subsection.4.1}% 40
\BOOKMARK [2][-]{subsection.4.2}{Dokumentationsplan}{section.4}% 41
\BOOKMARK [3][-]{subsubsection.4.2.1}{Codingstyle}{subsection.4.2}% 42
\BOOKMARK [3][-]{subsubsection.4.2.2}{Kommentarsprache}{subsection.4.2}% 43
\BOOKMARK [3][-]{subsubsection.4.2.3}{JavaDoc}{subsection.4.2}% 44
\BOOKMARK [3][-]{subsubsection.4.2.4}{Begleitende Dokumentation}{subsection.4.2}% 45
\BOOKMARK [2][-]{subsection.4.3}{Unterst\374tzende Projektfunktionen}{section.4}% 46
\BOOKMARK [1][-]{section.5}{Arbeitspakete, Zeitplan und Budget \(Tim Ellhoff, Tobias Dellert, Olga Miloevich}{}% 47
\BOOKMARK [2][-]{subsubsection.5.0.1}{Annahmen}{section.5}% 48
\BOOKMARK [3][-]{subsubsection.5.0.2}{Anmerkungen}{subsubsection.5.0.1}% 49
\BOOKMARK [2][-]{subsection.5.1}{Arbeitspakete, Zeitplan, Abh\344ngigkeiten u. Ressourcenanforderungen}{section.5}% 50
\BOOKMARK [3][-]{subsubsection.5.1.1}{Projektplan}{subsection.5.1}% 51
\BOOKMARK [3][-]{subsubsection.5.1.2}{Anforderungsspezifikation}{subsection.5.1}% 52
\BOOKMARK [3][-]{subsubsection.5.1.3}{Architekturbeschreibung}{subsection.5.1}% 53
\BOOKMARK [3][-]{subsubsection.5.1.4}{Implementierung}{subsection.5.1}% 54
\BOOKMARK [3][-]{subsubsection.5.1.5}{Test}{subsection.5.1}% 55
\BOOKMARK [3][-]{subsubsection.5.1.6}{Dokumentabgaben}{subsection.5.1}% 56
\BOOKMARK [3][-]{subsubsection.5.1.7}{Sonstiges}{subsection.5.1}% 57
\BOOKMARK [3][-]{subsubsection.5.1.8}{Meetings}{subsection.5.1}% 58
\BOOKMARK [1][-]{section.6}{Sonstige Elemente \(Olga Miloevich\)}{}% 59
\BOOKMARK [2][-]{subsection.6.1}{Pl\344ne f\374r die Konvertierung von Daten}{section.6}% 60
\BOOKMARK [2][-]{subsection.6.2}{Managementpl\344ne f\374r Unterauftragsnehmer}{section.6}% 61
\BOOKMARK [2][-]{subsection.6.3}{Ausbildungspl\344ne}{section.6}% 62
\BOOKMARK [2][-]{subsection.6.4}{Raumpl\344ne}{section.6}% 63
\BOOKMARK [2][-]{subsection.6.5}{Installationspl\344ne}{section.6}% 64
\BOOKMARK [2][-]{subsection.6.6}{Pl\344ne f\374r die \334bergabe des Systems}{section.6}% 65
